<?xml version="1.0" encoding="UTF-8"?>
<!-- Generated by org.testng.reporters.JUnitReportReporter -->
<testsuite hostname="PC290-PC" name="com.testframework.testscripts.GmailLogin" tests="1" failures="0" timestamp="27 Apr 2015 06:51:01 GMT" time="42.900" errors="0">
  <testcase name="testGmailLogin" time="42.900" classname="com.testframework.testscripts.GmailLogin"/>
</testsuite> <!-- com.testframework.testscripts.GmailLogin -->
