<?xml version="1.0" encoding="UTF-8"?>
<!-- Generated by org.testng.reporters.JUnitReportReporter -->
<testsuite hostname="PC290-PC" name="com.testframework.testscripts.GmailLogin" tests="1" failures="0" timestamp="27 Apr 2015 07:10:45 GMT" time="26.285" errors="0">
  <testcase name="testGmailLogin" time="26.285" classname="com.testframework.testscripts.GmailLogin"/>
</testsuite> <!-- com.testframework.testscripts.GmailLogin -->
