<?xml version="1.0" encoding="UTF-8"?>
<!-- Generated by org.testng.reporters.JUnitReportReporter -->
<testsuite hostname="PC290-PC" name="com.testframework.testscripts.GmailLogout" tests="1" failures="0" timestamp="27 Apr 2015 07:10:45 GMT" time="34.570" errors="0">
  <testcase name="testLogOut" time="34.570" classname="com.testframework.testscripts.GmailLogout"/>
</testsuite> <!-- com.testframework.testscripts.GmailLogout -->
