<?xml version="1.0" encoding="UTF-8"?>
<!-- Generated by org.testng.reporters.JUnitReportReporter -->
<testsuite hostname="PC290-PC" name="com.testframework.testscripts.SearchGoogle" tests="1" failures="0" timestamp="27 Apr 2015 07:10:45 GMT" time="12.499" errors="0">
  <testcase name="testSearchGoogle" time="12.499" classname="com.testframework.testscripts.SearchGoogle"/>
</testsuite> <!-- com.testframework.testscripts.SearchGoogle -->
